
=== Mon Nov 16 06:32:06 2020

Packages were changed.
Update Mode: updateDependencies

The following packages were updated:
  com.unity.test-framework from version 1.1.16 to 1.1.18

=== Wed Nov 25 11:21:27 2020

Packages were changed.
Update Mode: updateDependencies

The following packages were updated:
  com.unity.ide.vscode from version 1.2.2 to 1.2.3
  com.unity.xr.arcore from version 2.1.11 to 2.1.12
  com.unity.xr.arfoundation from version 2.1.8 to 2.1.10
  com.unity.xr.arkit from version 2.1.9 to 2.1.10

=== Thu Dec  3 09:17:35 2020

Packages were changed.
Update Mode: updateDependencies

The following packages were updated:
  com.unity.test-framework from version 1.1.18 to 1.1.19
  com.unity.xr.legacyinputhelpers from version 2.1.4 to 2.1.6

=== Wed Jan 20 15:57:26 2021

Packages were changed.
Update Mode: updateDependencies

The following packages were updated:
  com.unity.test-framework from version 1.1.19 to 1.1.20
  com.unity.xr.legacyinputhelpers from version 2.1.6 to 2.1.7
  com.unity.xr.management from version 3.2.16 to 3.2.17

=== Wed Feb  3 12:54:38 2021

Packages were changed.
Update Mode: updateDependencies

The following packages were updated:
  com.unity.multiplayer-hlapi from version 1.0.6 to 1.0.8

=== Sun Feb 14 22:59:39 2021

Packages were changed.
Update Mode: updateDependencies

The following packages were updated:
  com.unity.test-framework from version 1.1.20 to 1.1.22
  com.unity.xr.arcore from version 2.1.12 to 2.1.14
  com.unity.xr.arfoundation from version 2.1.10 to 2.1.14
  com.unity.xr.arkit from version 2.1.10 to 2.1.14

=== Mon Mar  8 08:28:12 2021

Packages were changed.
Update Mode: updateDependencies

The following packages were updated:
  com.unity.timeline from version 1.2.17 to 1.2.18

=== Mon Mar 22 00:16:25 2021

Packages were changed.
Update Mode: updateDependencies

The following packages were updated:
  com.unity.xr.arcore from version 2.1.14 to 2.1.16
  com.unity.xr.arfoundation from version 2.1.14 to 2.1.16
  com.unity.xr.arkit from version 2.1.14 to 2.1.16
